<?xml version="1.0" encoding="UTF-8"?>
<testng-results ignored="0" total="1" passed="1" failed="0" skipped="0">
  <reporter-output>
  </reporter-output>
  <suite started-at="2024-10-09T14:38:16 IST" name="Default suite" finished-at="2024-10-09T14:38:17 IST" duration-ms="760">
    <groups>
    </groups>
    <test started-at="2024-10-09T14:38:16 IST" name="Default test" finished-at="2024-10-09T14:38:17 IST" duration-ms="760">
      <class name="SumValidation">
        <test-method signature="CoursePrice()[pri:0, instance:SumValidation@12468a38]" started-at="2024-10-09T14:38:16 IST" name="CoursePrice" finished-at="2024-10-09T14:38:17 IST" duration-ms="735" status="PASS">
          <reporter-output>
          </reporter-output>
        </test-method> <!-- CoursePrice -->
      </class> <!-- SumValidation -->
    </test> <!-- Default test -->
  </suite> <!-- Default suite -->
</testng-results>
